The system is: Darwin - 20.4.0 - x86_64
Compiling the C compiler identification source file "CMakeCCompilerId.c" succeeded.
Compiler: /Users/user/miniconda/envs/ros_env/bin/x86_64-apple-darwin13.4.0-clang 
Build flags: -march=core2;-mtune=haswell;-mssse3;-ftree-vectorize;-fPIC;-fPIE;-fstack-protector-strong;-O2;-pipe;-isystem;/Users/user/miniconda/envs/ros_env/include
Id flags:  

The output was:
0


Compilation of the C compiler identification source "CMakeCCompilerId.c" produced "a.out"

The C compiler identification is Clang, found in "/Users/user/Documents/ros_ws__/build/CMakeFiles/3.21.3/CompilerIdC/a.out"

Compiling the CXX compiler identification source file "CMakeCXXCompilerId.cpp" succeeded.
Compiler: /Users/user/miniconda/envs/ros_env/bin/x86_64-apple-darwin13.4.0-clang++ 
Build flags: -march=core2;-mtune=haswell;-mssse3;-ftree-vectorize;-fPIC;-fPIE;-fstack-protector-strong;-O2;-pipe;-stdlib=libc++;-fvisibility-inlines-hidden;-std=c++14;-fmessage-length=0;-isystem;/Users/user/miniconda/envs/ros_env/include
Id flags:  

The output was:
0


Compilation of the CXX compiler identification source "CMakeCXXCompilerId.cpp" produced "a.out"

The CXX compiler identification is Clang, found in "/Users/user/Documents/ros_ws__/build/CMakeFiles/3.21.3/CompilerIdCXX/a.out"

Detecting C compiler ABI info compiled with the following output:
Change Dir: /Users/user/Documents/ros_ws__/build/CMakeFiles/CMakeTmp

Run Build Command(s):/Users/user/miniconda/envs/ros_env/bin/make -f Makefile cmTC_6f7fb/fast && /Users/user/miniconda/envs/ros_env/bin/make  -f CMakeFiles/cmTC_6f7fb.dir/build.make CMakeFiles/cmTC_6f7fb.dir/build
make[1]: Entering directory '/Users/user/Documents/ros_ws__/build/CMakeFiles/CMakeTmp'
Building C object CMakeFiles/cmTC_6f7fb.dir/CMakeCCompilerABI.c.o
/Users/user/miniconda/envs/ros_env/bin/x86_64-apple-darwin13.4.0-clang   -march=core2 -mtune=haswell -mssse3 -ftree-vectorize -fPIC -fPIE -fstack-protector-strong -O2 -pipe -isystem /Users/user/miniconda/envs/ros_env/include  -isysroot /Library/Developer/CommandLineTools/SDKs/MacOSX.sdk   -v -Wl,-v -MD -MT CMakeFiles/cmTC_6f7fb.dir/CMakeCCompilerABI.c.o -MF CMakeFiles/cmTC_6f7fb.dir/CMakeCCompilerABI.c.o.d -o CMakeFiles/cmTC_6f7fb.dir/CMakeCCompilerABI.c.o -c /Users/user/miniconda/envs/ros_env/share/cmake-3.21/Modules/CMakeCCompilerABI.c
clang version 11.1.0
Target: x86_64-apple-darwin13.4.0
Thread model: posix
InstalledDir: /Users/user/miniconda/envs/ros_env/bin
clang-11: warning: -Wl,-v: 'linker' input unused [-Wunused-command-line-argument]
 (in-process)
 "/Users/user/miniconda/envs/ros_env/bin/clang-11" -cc1 -triple x86_64-apple-macosx11.0.0 -Wundef-prefix=TARGET_OS_OSX -Werror=undef-prefix -Wdeprecated-objc-isa-usage -Werror=deprecated-objc-isa-usage -emit-obj -disable-free -disable-llvm-verifier -discard-value-names -main-file-name CMakeCCompilerABI.c -mrelocation-model pic -pic-level 2 -mframe-pointer=all -fno-rounding-math -munwind-tables -target-sdk-version=11.3 -fcompatibility-qualified-id-block-type-checking -target-cpu core2 -target-feature +ssse3 -debugger-tuning=lldb -target-linker-version 530 -v -resource-dir /Users/user/miniconda/envs/ros_env/lib/clang/11.1.0 -dependency-file CMakeFiles/cmTC_6f7fb.dir/CMakeCCompilerABI.c.o.d -MT CMakeFiles/cmTC_6f7fb.dir/CMakeCCompilerABI.c.o -sys-header-deps -isystem /Users/user/miniconda/envs/ros_env/include -isysroot /Library/Developer/CommandLineTools/SDKs/MacOSX.sdk -cxx-isystem /usr/local/include -internal-isystem /Library/Developer/CommandLineTools/SDKs/MacOSX.sdk/usr/local/include -internal-isystem /Users/user/miniconda/envs/ros_env/lib/clang/11.1.0/include -internal-externc-isystem /Library/Developer/CommandLineTools/SDKs/MacOSX.sdk/usr/include -O2 -fdebug-compilation-dir /Users/user/Documents/ros_ws__/build/CMakeFiles/CMakeTmp -ferror-limit 19 -stack-protector 2 -fblocks -fencode-extended-block-signature -fregister-global-dtors-with-atexit -fgnuc-version=4.2.1 -fmax-type-align=16 -vectorize-loops -vectorize-slp -o CMakeFiles/cmTC_6f7fb.dir/CMakeCCompilerABI.c.o -x c /Users/user/miniconda/envs/ros_env/share/cmake-3.21/Modules/CMakeCCompilerABI.c
clang -cc1 version 11.1.0 based upon LLVM 11.1.0 default target x86_64-apple-darwin20.4.0
ignoring nonexistent directory "/Library/Developer/CommandLineTools/SDKs/MacOSX.sdk/usr/local/include"
ignoring nonexistent directory "/Library/Developer/CommandLineTools/SDKs/MacOSX.sdk/Library/Frameworks"
#include "..." search starts here:
#include <...> search starts here:
 /Users/user/miniconda/envs/ros_env/include
 /Users/user/miniconda/envs/ros_env/lib/clang/11.1.0/include
 /Library/Developer/CommandLineTools/SDKs/MacOSX.sdk/usr/include
 /Library/Developer/CommandLineTools/SDKs/MacOSX.sdk/System/Library/Frameworks (framework directory)
End of search list.
Linking C executable cmTC_6f7fb
/Users/user/miniconda/envs/ros_env/bin/cmake -E cmake_link_script CMakeFiles/cmTC_6f7fb.dir/link.txt --verbose=1
/Users/user/miniconda/envs/ros_env/bin/x86_64-apple-darwin13.4.0-clang -march=core2 -mtune=haswell -mssse3 -ftree-vectorize -fPIC -fPIE -fstack-protector-strong -O2 -pipe -isystem /Users/user/miniconda/envs/ros_env/include  -isysroot /Library/Developer/CommandLineTools/SDKs/MacOSX.sdk -Wl,-search_paths_first -Wl,-headerpad_max_install_names -Wl,-pie -Wl,-headerpad_max_install_names -Wl,-dead_strip_dylibs -Wl,-rpath,/Users/user/miniconda/envs/ros_env/lib -L/Users/user/miniconda/envs/ros_env/lib -v -Wl,-v CMakeFiles/cmTC_6f7fb.dir/CMakeCCompilerABI.c.o -o cmTC_6f7fb 
clang version 11.1.0
Target: x86_64-apple-darwin13.4.0
Thread model: posix
InstalledDir: /Users/user/miniconda/envs/ros_env/bin
 "/Users/user/miniconda/envs/ros_env/bin/x86_64-apple-darwin13.4.0-ld" -demangle -lto_library /Users/user/miniconda/envs/ros_env/lib/libLTO.11.dylib -dynamic -arch x86_64 -platform_version macos 11.0.0 11.3 -pie -syslibroot /Library/Developer/CommandLineTools/SDKs/MacOSX.sdk -o cmTC_6f7fb -L/Users/user/miniconda/envs/ros_env/lib -L/usr/local/lib -search_paths_first -headerpad_max_install_names -pie -headerpad_max_install_names -dead_strip_dylibs -rpath /Users/user/miniconda/envs/ros_env/lib -v CMakeFiles/cmTC_6f7fb.dir/CMakeCCompilerABI.c.o -lSystem /Users/user/miniconda/envs/ros_env/lib/clang/11.1.0/lib/darwin/libclang_rt.osx.a
@(#)PROGRAM:ld  PROJECT:ld64-609
BUILD 18:01:32 Jan 19 2022
configured to support archs: armv6 armv7 armv7s arm64 arm64e arm64_32 i386 x86_64 x86_64h armv6m armv7k armv7m armv7em (tvOS)
Library search paths:
	/Users/user/miniconda/envs/ros_env/lib
	/usr/local/lib
	/Library/Developer/CommandLineTools/SDKs/MacOSX.sdk/usr/lib
Framework search paths:
	/Library/Developer/CommandLineTools/SDKs/MacOSX.sdk/System/Library/Frameworks/
make[1]: Leaving directory '/Users/user/Documents/ros_ws__/build/CMakeFiles/CMakeTmp'



Parsed C implicit include dir info from above output: rv=done
  found start of include info
  found start of implicit include info
    add: [/Users/user/miniconda/envs/ros_env/include]
    add: [/Users/user/miniconda/envs/ros_env/lib/clang/11.1.0/include]
    add: [/Library/Developer/CommandLineTools/SDKs/MacOSX.sdk/usr/include]
  end of search list found
  collapse include dir [/Users/user/miniconda/envs/ros_env/include] ==> [/Users/user/miniconda/envs/ros_env/include]
  collapse include dir [/Users/user/miniconda/envs/ros_env/lib/clang/11.1.0/include] ==> [/Users/user/miniconda/envs/ros_env/lib/clang/11.1.0/include]
  collapse include dir [/Library/Developer/CommandLineTools/SDKs/MacOSX.sdk/usr/include] ==> [/Library/Developer/CommandLineTools/SDKs/MacOSX.sdk/usr/include]
  implicit include dirs: [/Users/user/miniconda/envs/ros_env/include;/Users/user/miniconda/envs/ros_env/lib/clang/11.1.0/include;/Library/Developer/CommandLineTools/SDKs/MacOSX.sdk/usr/include]


Parsed C implicit link information from above output:
  link line regex: [^( *|.*[/\])(x86_64-apple-darwin13\.4\.0-ld|CMAKE_LINK_STARTFILE-NOTFOUND|([^/\]+-)?ld|collect2)[^/\]*( |$)]
  ignore line: [Change Dir: /Users/user/Documents/ros_ws__/build/CMakeFiles/CMakeTmp]
  ignore line: []
  ignore line: [Run Build Command(s):/Users/user/miniconda/envs/ros_env/bin/make -f Makefile cmTC_6f7fb/fast && /Users/user/miniconda/envs/ros_env/bin/make  -f CMakeFiles/cmTC_6f7fb.dir/build.make CMakeFiles/cmTC_6f7fb.dir/build]
  ignore line: [make[1]: Entering directory '/Users/user/Documents/ros_ws__/build/CMakeFiles/CMakeTmp']
  ignore line: [Building C object CMakeFiles/cmTC_6f7fb.dir/CMakeCCompilerABI.c.o]
  ignore line: [/Users/user/miniconda/envs/ros_env/bin/x86_64-apple-darwin13.4.0-clang   -march=core2 -mtune=haswell -mssse3 -ftree-vectorize -fPIC -fPIE -fstack-protector-strong -O2 -pipe -isystem /Users/user/miniconda/envs/ros_env/include  -isysroot /Library/Developer/CommandLineTools/SDKs/MacOSX.sdk   -v -Wl -v -MD -MT CMakeFiles/cmTC_6f7fb.dir/CMakeCCompilerABI.c.o -MF CMakeFiles/cmTC_6f7fb.dir/CMakeCCompilerABI.c.o.d -o CMakeFiles/cmTC_6f7fb.dir/CMakeCCompilerABI.c.o -c /Users/user/miniconda/envs/ros_env/share/cmake-3.21/Modules/CMakeCCompilerABI.c]
  ignore line: [clang version 11.1.0]
  ignore line: [Target: x86_64-apple-darwin13.4.0]
  ignore line: [Thread model: posix]
  ignore line: [InstalledDir: /Users/user/miniconda/envs/ros_env/bin]
  ignore line: [clang-11: warning: -Wl -v: 'linker' input unused [-Wunused-command-line-argument]]
  ignore line: [ (in-process)]
  ignore line: [ "/Users/user/miniconda/envs/ros_env/bin/clang-11" -cc1 -triple x86_64-apple-macosx11.0.0 -Wundef-prefix=TARGET_OS_OSX -Werror=undef-prefix -Wdeprecated-objc-isa-usage -Werror=deprecated-objc-isa-usage -emit-obj -disable-free -disable-llvm-verifier -discard-value-names -main-file-name CMakeCCompilerABI.c -mrelocation-model pic -pic-level 2 -mframe-pointer=all -fno-rounding-math -munwind-tables -target-sdk-version=11.3 -fcompatibility-qualified-id-block-type-checking -target-cpu core2 -target-feature +ssse3 -debugger-tuning=lldb -target-linker-version 530 -v -resource-dir /Users/user/miniconda/envs/ros_env/lib/clang/11.1.0 -dependency-file CMakeFiles/cmTC_6f7fb.dir/CMakeCCompilerABI.c.o.d -MT CMakeFiles/cmTC_6f7fb.dir/CMakeCCompilerABI.c.o -sys-header-deps -isystem /Users/user/miniconda/envs/ros_env/include -isysroot /Library/Developer/CommandLineTools/SDKs/MacOSX.sdk -cxx-isystem /usr/local/include -internal-isystem /Library/Developer/CommandLineTools/SDKs/MacOSX.sdk/usr/local/include -internal-isystem /Users/user/miniconda/envs/ros_env/lib/clang/11.1.0/include -internal-externc-isystem /Library/Developer/CommandLineTools/SDKs/MacOSX.sdk/usr/include -O2 -fdebug-compilation-dir /Users/user/Documents/ros_ws__/build/CMakeFiles/CMakeTmp -ferror-limit 19 -stack-protector 2 -fblocks -fencode-extended-block-signature -fregister-global-dtors-with-atexit -fgnuc-version=4.2.1 -fmax-type-align=16 -vectorize-loops -vectorize-slp -o CMakeFiles/cmTC_6f7fb.dir/CMakeCCompilerABI.c.o -x c /Users/user/miniconda/envs/ros_env/share/cmake-3.21/Modules/CMakeCCompilerABI.c]
  ignore line: [clang -cc1 version 11.1.0 based upon LLVM 11.1.0 default target x86_64-apple-darwin20.4.0]
  ignore line: [ignoring nonexistent directory "/Library/Developer/CommandLineTools/SDKs/MacOSX.sdk/usr/local/include"]
  ignore line: [ignoring nonexistent directory "/Library/Developer/CommandLineTools/SDKs/MacOSX.sdk/Library/Frameworks"]
  ignore line: [#include "..." search starts here:]
  ignore line: [#include <...> search starts here:]
  ignore line: [ /Users/user/miniconda/envs/ros_env/include]
  ignore line: [ /Users/user/miniconda/envs/ros_env/lib/clang/11.1.0/include]
  ignore line: [ /Library/Developer/CommandLineTools/SDKs/MacOSX.sdk/usr/include]
  ignore line: [ /Library/Developer/CommandLineTools/SDKs/MacOSX.sdk/System/Library/Frameworks (framework directory)]
  ignore line: [End of search list.]
  ignore line: [Linking C executable cmTC_6f7fb]
  ignore line: [/Users/user/miniconda/envs/ros_env/bin/cmake -E cmake_link_script CMakeFiles/cmTC_6f7fb.dir/link.txt --verbose=1]
  ignore line: [/Users/user/miniconda/envs/ros_env/bin/x86_64-apple-darwin13.4.0-clang -march=core2 -mtune=haswell -mssse3 -ftree-vectorize -fPIC -fPIE -fstack-protector-strong -O2 -pipe -isystem /Users/user/miniconda/envs/ros_env/include  -isysroot /Library/Developer/CommandLineTools/SDKs/MacOSX.sdk -Wl -search_paths_first -Wl -headerpad_max_install_names -Wl -pie -Wl -headerpad_max_install_names -Wl -dead_strip_dylibs -Wl -rpath /Users/user/miniconda/envs/ros_env/lib -L/Users/user/miniconda/envs/ros_env/lib -v -Wl -v CMakeFiles/cmTC_6f7fb.dir/CMakeCCompilerABI.c.o -o cmTC_6f7fb ]
  ignore line: [clang version 11.1.0]
  ignore line: [Target: x86_64-apple-darwin13.4.0]
  ignore line: [Thread model: posix]
  ignore line: [InstalledDir: /Users/user/miniconda/envs/ros_env/bin]
  link line: [ "/Users/user/miniconda/envs/ros_env/bin/x86_64-apple-darwin13.4.0-ld" -demangle -lto_library /Users/user/miniconda/envs/ros_env/lib/libLTO.11.dylib -dynamic -arch x86_64 -platform_version macos 11.0.0 11.3 -pie -syslibroot /Library/Developer/CommandLineTools/SDKs/MacOSX.sdk -o cmTC_6f7fb -L/Users/user/miniconda/envs/ros_env/lib -L/usr/local/lib -search_paths_first -headerpad_max_install_names -pie -headerpad_max_install_names -dead_strip_dylibs -rpath /Users/user/miniconda/envs/ros_env/lib -v CMakeFiles/cmTC_6f7fb.dir/CMakeCCompilerABI.c.o -lSystem /Users/user/miniconda/envs/ros_env/lib/clang/11.1.0/lib/darwin/libclang_rt.osx.a]
    arg [/Users/user/miniconda/envs/ros_env/bin/x86_64-apple-darwin13.4.0-ld] ==> ignore
    arg [-demangle] ==> ignore
    arg [-lto_library] ==> ignore, skip following value
    arg [/Users/user/miniconda/envs/ros_env/lib/libLTO.11.dylib] ==> skip value of -lto_library
    arg [-dynamic] ==> ignore
    arg [-arch] ==> ignore
    arg [x86_64] ==> ignore
    arg [-platform_version] ==> ignore
    arg [macos] ==> ignore
    arg [11.0.0] ==> ignore
    arg [11.3] ==> ignore
    arg [-pie] ==> ignore
    arg [-syslibroot] ==> ignore
    arg [/Library/Developer/CommandLineTools/SDKs/MacOSX.sdk] ==> ignore
    arg [-o] ==> ignore
    arg [cmTC_6f7fb] ==> ignore
    arg [-L/Users/user/miniconda/envs/ros_env/lib] ==> dir [/Users/user/miniconda/envs/ros_env/lib]
    arg [-L/usr/local/lib] ==> dir [/usr/local/lib]
    arg [-search_paths_first] ==> ignore
    arg [-headerpad_max_install_names] ==> ignore
    arg [-pie] ==> ignore
    arg [-headerpad_max_install_names] ==> ignore
    arg [-dead_strip_dylibs] ==> ignore
    arg [-rpath] ==> ignore
    arg [/Users/user/miniconda/envs/ros_env/lib] ==> ignore
    arg [-v] ==> ignore
    arg [CMakeFiles/cmTC_6f7fb.dir/CMakeCCompilerABI.c.o] ==> ignore
    arg [-lSystem] ==> lib [System]
    arg [/Users/user/miniconda/envs/ros_env/lib/clang/11.1.0/lib/darwin/libclang_rt.osx.a] ==> lib [/Users/user/miniconda/envs/ros_env/lib/clang/11.1.0/lib/darwin/libclang_rt.osx.a]
  Library search paths: [;/Users/user/miniconda/envs/ros_env/lib;/usr/local/lib;/Library/Developer/CommandLineTools/SDKs/MacOSX.sdk/usr/lib]
  Framework search paths: [;/Library/Developer/CommandLineTools/SDKs/MacOSX.sdk/System/Library/Frameworks/]
  remove lib [System]
  remove lib [/Users/user/miniconda/envs/ros_env/lib/clang/11.1.0/lib/darwin/libclang_rt.osx.a]
  collapse library dir [/Users/user/miniconda/envs/ros_env/lib] ==> [/Users/user/miniconda/envs/ros_env/lib]
  collapse library dir [/usr/local/lib] ==> [/usr/local/lib]
  collapse library dir [/Users/user/miniconda/envs/ros_env/lib] ==> [/Users/user/miniconda/envs/ros_env/lib]
  collapse library dir [/usr/local/lib] ==> [/usr/local/lib]
  collapse library dir [/Library/Developer/CommandLineTools/SDKs/MacOSX.sdk/usr/lib] ==> [/Library/Developer/CommandLineTools/SDKs/MacOSX.sdk/usr/lib]
  collapse framework dir [/Library/Developer/CommandLineTools/SDKs/MacOSX.sdk/System/Library/Frameworks/] ==> [/Library/Developer/CommandLineTools/SDKs/MacOSX.sdk/System/Library/Frameworks]
  implicit libs: []
  implicit objs: []
  implicit dirs: [/Users/user/miniconda/envs/ros_env/lib;/usr/local/lib;/Library/Developer/CommandLineTools/SDKs/MacOSX.sdk/usr/lib]
  implicit fwks: [/Library/Developer/CommandLineTools/SDKs/MacOSX.sdk/System/Library/Frameworks]


Detecting CXX compiler ABI info compiled with the following output:
Change Dir: /Users/user/Documents/ros_ws__/build/CMakeFiles/CMakeTmp

Run Build Command(s):/Users/user/miniconda/envs/ros_env/bin/make -f Makefile cmTC_8c4c0/fast && /Users/user/miniconda/envs/ros_env/bin/make  -f CMakeFiles/cmTC_8c4c0.dir/build.make CMakeFiles/cmTC_8c4c0.dir/build
make[1]: Entering directory '/Users/user/Documents/ros_ws__/build/CMakeFiles/CMakeTmp'
Building CXX object CMakeFiles/cmTC_8c4c0.dir/CMakeCXXCompilerABI.cpp.o
/Users/user/miniconda/envs/ros_env/bin/x86_64-apple-darwin13.4.0-clang++   -march=core2 -mtune=haswell -mssse3 -ftree-vectorize -fPIC -fPIE -fstack-protector-strong -O2 -pipe -stdlib=libc++ -fvisibility-inlines-hidden -std=c++14 -fmessage-length=0 -isystem /Users/user/miniconda/envs/ros_env/include  -isysroot /Library/Developer/CommandLineTools/SDKs/MacOSX.sdk   -v -Wl,-v -MD -MT CMakeFiles/cmTC_8c4c0.dir/CMakeCXXCompilerABI.cpp.o -MF CMakeFiles/cmTC_8c4c0.dir/CMakeCXXCompilerABI.cpp.o.d -o CMakeFiles/cmTC_8c4c0.dir/CMakeCXXCompilerABI.cpp.o -c /Users/user/miniconda/envs/ros_env/share/cmake-3.21/Modules/CMakeCXXCompilerABI.cpp
clang version 11.1.0
Target: x86_64-apple-darwin13.4.0
Thread model: posix
InstalledDir: /Users/user/miniconda/envs/ros_env/bin
clang-11: warning: -Wl,-v: 'linker' input unused [-Wunused-command-line-argument]
 (in-process)
 "/Users/user/miniconda/envs/ros_env/bin/clang-11" -cc1 -triple x86_64-apple-macosx11.0.0 -Wundef-prefix=TARGET_OS_OSX -Werror=undef-prefix -Wdeprecated-objc-isa-usage -Werror=deprecated-objc-isa-usage -emit-obj -disable-free -disable-llvm-verifier -discard-value-names -main-file-name CMakeCXXCompilerABI.cpp -mrelocation-model pic -pic-level 2 -mframe-pointer=all -fno-rounding-math -munwind-tables -target-sdk-version=11.3 -fcompatibility-qualified-id-block-type-checking -target-cpu core2 -target-feature +ssse3 -debugger-tuning=lldb -target-linker-version 530 -v -resource-dir /Users/user/miniconda/envs/ros_env/lib/clang/11.1.0 -dependency-file CMakeFiles/cmTC_8c4c0.dir/CMakeCXXCompilerABI.cpp.o.d -MT CMakeFiles/cmTC_8c4c0.dir/CMakeCXXCompilerABI.cpp.o -sys-header-deps -isystem /Users/user/miniconda/envs/ros_env/include -isysroot /Library/Developer/CommandLineTools/SDKs/MacOSX.sdk -cxx-isystem /usr/local/include -stdlib=libc++ -internal-isystem /Users/user/miniconda/envs/ros_env/bin/../include/c++/v1 -internal-isystem /Library/Developer/CommandLineTools/SDKs/MacOSX.sdk/usr/local/include -internal-isystem /Users/user/miniconda/envs/ros_env/lib/clang/11.1.0/include -internal-externc-isystem /Library/Developer/CommandLineTools/SDKs/MacOSX.sdk/usr/include -O2 -std=c++14 -fdeprecated-macro -fdebug-compilation-dir /Users/user/Documents/ros_ws__/build/CMakeFiles/CMakeTmp -ferror-limit 19 -fvisibility-inlines-hidden -stack-protector 2 -fblocks -fencode-extended-block-signature -fregister-global-dtors-with-atexit -fgnuc-version=4.2.1 -fcxx-exceptions -fexceptions -fmax-type-align=16 -vectorize-loops -vectorize-slp -o CMakeFiles/cmTC_8c4c0.dir/CMakeCXXCompilerABI.cpp.o -x c++ /Users/user/miniconda/envs/ros_env/share/cmake-3.21/Modules/CMakeCXXCompilerABI.cpp
clang -cc1 version 11.1.0 based upon LLVM 11.1.0 default target x86_64-apple-darwin20.4.0
ignoring nonexistent directory "/Library/Developer/CommandLineTools/SDKs/MacOSX.sdk/usr/local/include"
ignoring nonexistent directory "/Library/Developer/CommandLineTools/SDKs/MacOSX.sdk/Library/Frameworks"
#include "..." search starts here:
#include <...> search starts here:
 /Users/user/miniconda/envs/ros_env/include
 /usr/local/include
 /Users/user/miniconda/envs/ros_env/bin/../include/c++/v1
 /Users/user/miniconda/envs/ros_env/lib/clang/11.1.0/include
 /Library/Developer/CommandLineTools/SDKs/MacOSX.sdk/usr/include
 /Library/Developer/CommandLineTools/SDKs/MacOSX.sdk/System/Library/Frameworks (framework directory)
End of search list.
Linking CXX executable cmTC_8c4c0
/Users/user/miniconda/envs/ros_env/bin/cmake -E cmake_link_script CMakeFiles/cmTC_8c4c0.dir/link.txt --verbose=1
/Users/user/miniconda/envs/ros_env/bin/x86_64-apple-darwin13.4.0-clang++ -march=core2 -mtune=haswell -mssse3 -ftree-vectorize -fPIC -fPIE -fstack-protector-strong -O2 -pipe -stdlib=libc++ -fvisibility-inlines-hidden -std=c++14 -fmessage-length=0 -isystem /Users/user/miniconda/envs/ros_env/include  -isysroot /Library/Developer/CommandLineTools/SDKs/MacOSX.sdk -Wl,-search_paths_first -Wl,-headerpad_max_install_names -Wl,-pie -Wl,-headerpad_max_install_names -Wl,-dead_strip_dylibs -Wl,-rpath,/Users/user/miniconda/envs/ros_env/lib -L/Users/user/miniconda/envs/ros_env/lib -v -Wl,-v CMakeFiles/cmTC_8c4c0.dir/CMakeCXXCompilerABI.cpp.o -o cmTC_8c4c0 
clang version 11.1.0
Target: x86_64-apple-darwin13.4.0
Thread model: posix
InstalledDir: /Users/user/miniconda/envs/ros_env/bin
 "/Users/user/miniconda/envs/ros_env/bin/x86_64-apple-darwin13.4.0-ld" -demangle -lto_library /Users/user/miniconda/envs/ros_env/lib/libLTO.11.dylib -dynamic -arch x86_64 -platform_version macos 11.0.0 11.3 -pie -syslibroot /Library/Developer/CommandLineTools/SDKs/MacOSX.sdk -o cmTC_8c4c0 -L/Users/user/miniconda/envs/ros_env/lib -L/usr/local/lib -search_paths_first -headerpad_max_install_names -pie -headerpad_max_install_names -dead_strip_dylibs -rpath /Users/user/miniconda/envs/ros_env/lib -v CMakeFiles/cmTC_8c4c0.dir/CMakeCXXCompilerABI.cpp.o -lc++ -lSystem /Users/user/miniconda/envs/ros_env/lib/clang/11.1.0/lib/darwin/libclang_rt.osx.a
@(#)PROGRAM:ld  PROJECT:ld64-609
BUILD 18:01:32 Jan 19 2022
configured to support archs: armv6 armv7 armv7s arm64 arm64e arm64_32 i386 x86_64 x86_64h armv6m armv7k armv7m armv7em (tvOS)
Library search paths:
	/Users/user/miniconda/envs/ros_env/lib
	/usr/local/lib
	/Library/Developer/CommandLineTools/SDKs/MacOSX.sdk/usr/lib
Framework search paths:
	/Library/Developer/CommandLineTools/SDKs/MacOSX.sdk/System/Library/Frameworks/
make[1]: Leaving directory '/Users/user/Documents/ros_ws__/build/CMakeFiles/CMakeTmp'



Parsed CXX implicit include dir info from above output: rv=done
  found start of include info
  found start of implicit include info
    add: [/Users/user/miniconda/envs/ros_env/include]
    add: [/usr/local/include]
    add: [/Users/user/miniconda/envs/ros_env/bin/../include/c++/v1]
    add: [/Users/user/miniconda/envs/ros_env/lib/clang/11.1.0/include]
    add: [/Library/Developer/CommandLineTools/SDKs/MacOSX.sdk/usr/include]
  end of search list found
  collapse include dir [/Users/user/miniconda/envs/ros_env/include] ==> [/Users/user/miniconda/envs/ros_env/include]
  collapse include dir [/usr/local/include] ==> [/usr/local/include]
  collapse include dir [/Users/user/miniconda/envs/ros_env/bin/../include/c++/v1] ==> [/Users/user/miniconda/envs/ros_env/include/c++/v1]
  collapse include dir [/Users/user/miniconda/envs/ros_env/lib/clang/11.1.0/include] ==> [/Users/user/miniconda/envs/ros_env/lib/clang/11.1.0/include]
  collapse include dir [/Library/Developer/CommandLineTools/SDKs/MacOSX.sdk/usr/include] ==> [/Library/Developer/CommandLineTools/SDKs/MacOSX.sdk/usr/include]
  implicit include dirs: [/Users/user/miniconda/envs/ros_env/include;/usr/local/include;/Users/user/miniconda/envs/ros_env/include/c++/v1;/Users/user/miniconda/envs/ros_env/lib/clang/11.1.0/include;/Library/Developer/CommandLineTools/SDKs/MacOSX.sdk/usr/include]


Parsed CXX implicit link information from above output:
  link line regex: [^( *|.*[/\])(x86_64-apple-darwin13\.4\.0-ld|CMAKE_LINK_STARTFILE-NOTFOUND|([^/\]+-)?ld|collect2)[^/\]*( |$)]
  ignore line: [Change Dir: /Users/user/Documents/ros_ws__/build/CMakeFiles/CMakeTmp]
  ignore line: []
  ignore line: [Run Build Command(s):/Users/user/miniconda/envs/ros_env/bin/make -f Makefile cmTC_8c4c0/fast && /Users/user/miniconda/envs/ros_env/bin/make  -f CMakeFiles/cmTC_8c4c0.dir/build.make CMakeFiles/cmTC_8c4c0.dir/build]
  ignore line: [make[1]: Entering directory '/Users/user/Documents/ros_ws__/build/CMakeFiles/CMakeTmp']
  ignore line: [Building CXX object CMakeFiles/cmTC_8c4c0.dir/CMakeCXXCompilerABI.cpp.o]
  ignore line: [/Users/user/miniconda/envs/ros_env/bin/x86_64-apple-darwin13.4.0-clang++   -march=core2 -mtune=haswell -mssse3 -ftree-vectorize -fPIC -fPIE -fstack-protector-strong -O2 -pipe -stdlib=libc++ -fvisibility-inlines-hidden -std=c++14 -fmessage-length=0 -isystem /Users/user/miniconda/envs/ros_env/include  -isysroot /Library/Developer/CommandLineTools/SDKs/MacOSX.sdk   -v -Wl -v -MD -MT CMakeFiles/cmTC_8c4c0.dir/CMakeCXXCompilerABI.cpp.o -MF CMakeFiles/cmTC_8c4c0.dir/CMakeCXXCompilerABI.cpp.o.d -o CMakeFiles/cmTC_8c4c0.dir/CMakeCXXCompilerABI.cpp.o -c /Users/user/miniconda/envs/ros_env/share/cmake-3.21/Modules/CMakeCXXCompilerABI.cpp]
  ignore line: [clang version 11.1.0]
  ignore line: [Target: x86_64-apple-darwin13.4.0]
  ignore line: [Thread model: posix]
  ignore line: [InstalledDir: /Users/user/miniconda/envs/ros_env/bin]
  ignore line: [clang-11: warning: -Wl -v: 'linker' input unused [-Wunused-command-line-argument]]
  ignore line: [ (in-process)]
  ignore line: [ "/Users/user/miniconda/envs/ros_env/bin/clang-11" -cc1 -triple x86_64-apple-macosx11.0.0 -Wundef-prefix=TARGET_OS_OSX -Werror=undef-prefix -Wdeprecated-objc-isa-usage -Werror=deprecated-objc-isa-usage -emit-obj -disable-free -disable-llvm-verifier -discard-value-names -main-file-name CMakeCXXCompilerABI.cpp -mrelocation-model pic -pic-level 2 -mframe-pointer=all -fno-rounding-math -munwind-tables -target-sdk-version=11.3 -fcompatibility-qualified-id-block-type-checking -target-cpu core2 -target-feature +ssse3 -debugger-tuning=lldb -target-linker-version 530 -v -resource-dir /Users/user/miniconda/envs/ros_env/lib/clang/11.1.0 -dependency-file CMakeFiles/cmTC_8c4c0.dir/CMakeCXXCompilerABI.cpp.o.d -MT CMakeFiles/cmTC_8c4c0.dir/CMakeCXXCompilerABI.cpp.o -sys-header-deps -isystem /Users/user/miniconda/envs/ros_env/include -isysroot /Library/Developer/CommandLineTools/SDKs/MacOSX.sdk -cxx-isystem /usr/local/include -stdlib=libc++ -internal-isystem /Users/user/miniconda/envs/ros_env/bin/../include/c++/v1 -internal-isystem /Library/Developer/CommandLineTools/SDKs/MacOSX.sdk/usr/local/include -internal-isystem /Users/user/miniconda/envs/ros_env/lib/clang/11.1.0/include -internal-externc-isystem /Library/Developer/CommandLineTools/SDKs/MacOSX.sdk/usr/include -O2 -std=c++14 -fdeprecated-macro -fdebug-compilation-dir /Users/user/Documents/ros_ws__/build/CMakeFiles/CMakeTmp -ferror-limit 19 -fvisibility-inlines-hidden -stack-protector 2 -fblocks -fencode-extended-block-signature -fregister-global-dtors-with-atexit -fgnuc-version=4.2.1 -fcxx-exceptions -fexceptions -fmax-type-align=16 -vectorize-loops -vectorize-slp -o CMakeFiles/cmTC_8c4c0.dir/CMakeCXXCompilerABI.cpp.o -x c++ /Users/user/miniconda/envs/ros_env/share/cmake-3.21/Modules/CMakeCXXCompilerABI.cpp]
  ignore line: [clang -cc1 version 11.1.0 based upon LLVM 11.1.0 default target x86_64-apple-darwin20.4.0]
  ignore line: [ignoring nonexistent directory "/Library/Developer/CommandLineTools/SDKs/MacOSX.sdk/usr/local/include"]
  ignore line: [ignoring nonexistent directory "/Library/Developer/CommandLineTools/SDKs/MacOSX.sdk/Library/Frameworks"]
  ignore line: [#include "..." search starts here:]
  ignore line: [#include <...> search starts here:]
  ignore line: [ /Users/user/miniconda/envs/ros_env/include]
  ignore line: [ /usr/local/include]
  ignore line: [ /Users/user/miniconda/envs/ros_env/bin/../include/c++/v1]
  ignore line: [ /Users/user/miniconda/envs/ros_env/lib/clang/11.1.0/include]
  ignore line: [ /Library/Developer/CommandLineTools/SDKs/MacOSX.sdk/usr/include]
  ignore line: [ /Library/Developer/CommandLineTools/SDKs/MacOSX.sdk/System/Library/Frameworks (framework directory)]
  ignore line: [End of search list.]
  ignore line: [Linking CXX executable cmTC_8c4c0]
  ignore line: [/Users/user/miniconda/envs/ros_env/bin/cmake -E cmake_link_script CMakeFiles/cmTC_8c4c0.dir/link.txt --verbose=1]
  ignore line: [/Users/user/miniconda/envs/ros_env/bin/x86_64-apple-darwin13.4.0-clang++ -march=core2 -mtune=haswell -mssse3 -ftree-vectorize -fPIC -fPIE -fstack-protector-strong -O2 -pipe -stdlib=libc++ -fvisibility-inlines-hidden -std=c++14 -fmessage-length=0 -isystem /Users/user/miniconda/envs/ros_env/include  -isysroot /Library/Developer/CommandLineTools/SDKs/MacOSX.sdk -Wl -search_paths_first -Wl -headerpad_max_install_names -Wl -pie -Wl -headerpad_max_install_names -Wl -dead_strip_dylibs -Wl -rpath /Users/user/miniconda/envs/ros_env/lib -L/Users/user/miniconda/envs/ros_env/lib -v -Wl -v CMakeFiles/cmTC_8c4c0.dir/CMakeCXXCompilerABI.cpp.o -o cmTC_8c4c0 ]
  ignore line: [clang version 11.1.0]
  ignore line: [Target: x86_64-apple-darwin13.4.0]
  ignore line: [Thread model: posix]
  ignore line: [InstalledDir: /Users/user/miniconda/envs/ros_env/bin]
  link line: [ "/Users/user/miniconda/envs/ros_env/bin/x86_64-apple-darwin13.4.0-ld" -demangle -lto_library /Users/user/miniconda/envs/ros_env/lib/libLTO.11.dylib -dynamic -arch x86_64 -platform_version macos 11.0.0 11.3 -pie -syslibroot /Library/Developer/CommandLineTools/SDKs/MacOSX.sdk -o cmTC_8c4c0 -L/Users/user/miniconda/envs/ros_env/lib -L/usr/local/lib -search_paths_first -headerpad_max_install_names -pie -headerpad_max_install_names -dead_strip_dylibs -rpath /Users/user/miniconda/envs/ros_env/lib -v CMakeFiles/cmTC_8c4c0.dir/CMakeCXXCompilerABI.cpp.o -lc++ -lSystem /Users/user/miniconda/envs/ros_env/lib/clang/11.1.0/lib/darwin/libclang_rt.osx.a]
    arg [/Users/user/miniconda/envs/ros_env/bin/x86_64-apple-darwin13.4.0-ld] ==> ignore
    arg [-demangle] ==> ignore
    arg [-lto_library] ==> ignore, skip following value
    arg [/Users/user/miniconda/envs/ros_env/lib/libLTO.11.dylib] ==> skip value of -lto_library
    arg [-dynamic] ==> ignore
    arg [-arch] ==> ignore
    arg [x86_64] ==> ignore
    arg [-platform_version] ==> ignore
    arg [macos] ==> ignore
    arg [11.0.0] ==> ignore
    arg [11.3] ==> ignore
    arg [-pie] ==> ignore
    arg [-syslibroot] ==> ignore
    arg [/Library/Developer/CommandLineTools/SDKs/MacOSX.sdk] ==> ignore
    arg [-o] ==> ignore
    arg [cmTC_8c4c0] ==> ignore
    arg [-L/Users/user/miniconda/envs/ros_env/lib] ==> dir [/Users/user/miniconda/envs/ros_env/lib]
    arg [-L/usr/local/lib] ==> dir [/usr/local/lib]
    arg [-search_paths_first] ==> ignore
    arg [-headerpad_max_install_names] ==> ignore
    arg [-pie] ==> ignore
    arg [-headerpad_max_install_names] ==> ignore
    arg [-dead_strip_dylibs] ==> ignore
    arg [-rpath] ==> ignore
    arg [/Users/user/miniconda/envs/ros_env/lib] ==> ignore
    arg [-v] ==> ignore
    arg [CMakeFiles/cmTC_8c4c0.dir/CMakeCXXCompilerABI.cpp.o] ==> ignore
    arg [-lc++] ==> lib [c++]
    arg [-lSystem] ==> lib [System]
    arg [/Users/user/miniconda/envs/ros_env/lib/clang/11.1.0/lib/darwin/libclang_rt.osx.a] ==> lib [/Users/user/miniconda/envs/ros_env/lib/clang/11.1.0/lib/darwin/libclang_rt.osx.a]
  Library search paths: [;/Users/user/miniconda/envs/ros_env/lib;/usr/local/lib;/Library/Developer/CommandLineTools/SDKs/MacOSX.sdk/usr/lib]
  Framework search paths: [;/Library/Developer/CommandLineTools/SDKs/MacOSX.sdk/System/Library/Frameworks/]
  remove lib [System]
  remove lib [/Users/user/miniconda/envs/ros_env/lib/clang/11.1.0/lib/darwin/libclang_rt.osx.a]
  collapse library dir [/Users/user/miniconda/envs/ros_env/lib] ==> [/Users/user/miniconda/envs/ros_env/lib]
  collapse library dir [/usr/local/lib] ==> [/usr/local/lib]
  collapse library dir [/Users/user/miniconda/envs/ros_env/lib] ==> [/Users/user/miniconda/envs/ros_env/lib]
  collapse library dir [/usr/local/lib] ==> [/usr/local/lib]
  collapse library dir [/Library/Developer/CommandLineTools/SDKs/MacOSX.sdk/usr/lib] ==> [/Library/Developer/CommandLineTools/SDKs/MacOSX.sdk/usr/lib]
  collapse framework dir [/Library/Developer/CommandLineTools/SDKs/MacOSX.sdk/System/Library/Frameworks/] ==> [/Library/Developer/CommandLineTools/SDKs/MacOSX.sdk/System/Library/Frameworks]
  implicit libs: [c++]
  implicit objs: []
  implicit dirs: [/Users/user/miniconda/envs/ros_env/lib;/usr/local/lib;/Library/Developer/CommandLineTools/SDKs/MacOSX.sdk/usr/lib]
  implicit fwks: [/Library/Developer/CommandLineTools/SDKs/MacOSX.sdk/System/Library/Frameworks]


Determining if the include file pthread.h exists passed with the following output:
Change Dir: /Users/user/Documents/ros_ws__/build/CMakeFiles/CMakeTmp

Run Build Command(s):/Users/user/miniconda/envs/ros_env/bin/make -f Makefile cmTC_ddbba/fast && /Users/user/miniconda/envs/ros_env/bin/make  -f CMakeFiles/cmTC_ddbba.dir/build.make CMakeFiles/cmTC_ddbba.dir/build
make[1]: Entering directory '/Users/user/Documents/ros_ws__/build/CMakeFiles/CMakeTmp'
Building C object CMakeFiles/cmTC_ddbba.dir/CheckIncludeFile.c.o
/Users/user/miniconda/envs/ros_env/bin/x86_64-apple-darwin13.4.0-clang   -march=core2 -mtune=haswell -mssse3 -ftree-vectorize -fPIC -fPIE -fstack-protector-strong -O2 -pipe -isystem /Users/user/miniconda/envs/ros_env/include  -isysroot /Library/Developer/CommandLineTools/SDKs/MacOSX.sdk -MD -MT CMakeFiles/cmTC_ddbba.dir/CheckIncludeFile.c.o -MF CMakeFiles/cmTC_ddbba.dir/CheckIncludeFile.c.o.d -o CMakeFiles/cmTC_ddbba.dir/CheckIncludeFile.c.o -c /Users/user/Documents/ros_ws__/build/CMakeFiles/CMakeTmp/CheckIncludeFile.c
Linking C executable cmTC_ddbba
/Users/user/miniconda/envs/ros_env/bin/cmake -E cmake_link_script CMakeFiles/cmTC_ddbba.dir/link.txt --verbose=1
/Users/user/miniconda/envs/ros_env/bin/x86_64-apple-darwin13.4.0-clang -march=core2 -mtune=haswell -mssse3 -ftree-vectorize -fPIC -fPIE -fstack-protector-strong -O2 -pipe -isystem /Users/user/miniconda/envs/ros_env/include  -isysroot /Library/Developer/CommandLineTools/SDKs/MacOSX.sdk -Wl,-search_paths_first -Wl,-headerpad_max_install_names -Wl,-pie -Wl,-headerpad_max_install_names -Wl,-dead_strip_dylibs -Wl,-rpath,/Users/user/miniconda/envs/ros_env/lib -L/Users/user/miniconda/envs/ros_env/lib  CMakeFiles/cmTC_ddbba.dir/CheckIncludeFile.c.o -o cmTC_ddbba 
make[1]: Leaving directory '/Users/user/Documents/ros_ws__/build/CMakeFiles/CMakeTmp'



Performing C SOURCE FILE Test CMAKE_HAVE_LIBC_PTHREAD succeeded with the following output:
Change Dir: /Users/user/Documents/ros_ws__/build/CMakeFiles/CMakeTmp

Run Build Command(s):/Users/user/miniconda/envs/ros_env/bin/make -f Makefile cmTC_5885f/fast && /Users/user/miniconda/envs/ros_env/bin/make  -f CMakeFiles/cmTC_5885f.dir/build.make CMakeFiles/cmTC_5885f.dir/build
make[1]: Entering directory '/Users/user/Documents/ros_ws__/build/CMakeFiles/CMakeTmp'
Building C object CMakeFiles/cmTC_5885f.dir/src.c.o
/Users/user/miniconda/envs/ros_env/bin/x86_64-apple-darwin13.4.0-clang -DCMAKE_HAVE_LIBC_PTHREAD  -march=core2 -mtune=haswell -mssse3 -ftree-vectorize -fPIC -fPIE -fstack-protector-strong -O2 -pipe -isystem /Users/user/miniconda/envs/ros_env/include  -isysroot /Library/Developer/CommandLineTools/SDKs/MacOSX.sdk -MD -MT CMakeFiles/cmTC_5885f.dir/src.c.o -MF CMakeFiles/cmTC_5885f.dir/src.c.o.d -o CMakeFiles/cmTC_5885f.dir/src.c.o -c /Users/user/Documents/ros_ws__/build/CMakeFiles/CMakeTmp/src.c
Linking C executable cmTC_5885f
/Users/user/miniconda/envs/ros_env/bin/cmake -E cmake_link_script CMakeFiles/cmTC_5885f.dir/link.txt --verbose=1
/Users/user/miniconda/envs/ros_env/bin/x86_64-apple-darwin13.4.0-clang -march=core2 -mtune=haswell -mssse3 -ftree-vectorize -fPIC -fPIE -fstack-protector-strong -O2 -pipe -isystem /Users/user/miniconda/envs/ros_env/include  -isysroot /Library/Developer/CommandLineTools/SDKs/MacOSX.sdk -Wl,-search_paths_first -Wl,-headerpad_max_install_names -Wl,-pie -Wl,-headerpad_max_install_names -Wl,-dead_strip_dylibs -Wl,-rpath,/Users/user/miniconda/envs/ros_env/lib -L/Users/user/miniconda/envs/ros_env/lib  CMakeFiles/cmTC_5885f.dir/src.c.o -o cmTC_5885f 
make[1]: Leaving directory '/Users/user/Documents/ros_ws__/build/CMakeFiles/CMakeTmp'


Source file was:
#include <pthread.h>

static void* test_func(void* data)
{
  return data;
}

int main(void)
{
  pthread_t thread;
  pthread_create(&thread, NULL, test_func, NULL);
  pthread_detach(thread);
  pthread_cancel(thread);
  pthread_join(thread, NULL);
  pthread_atfork(NULL, NULL, NULL);
  pthread_exit(NULL);

  return 0;
}

